2026-03-01T23:04:08Z | INFO     |        __main__ | ============================================================
2026-03-01T23:04:08Z | INFO     |        __main__ | Sky Image CNN Training — Rubbersheet Experiment
2026-03-01T23:04:08Z | INFO     |        __main__ | ============================================================
2026-03-01T23:04:08Z | INFO     |        __main__ | Loading data...
2026-03-01T23:04:08Z | INFO     |        __main__ | Train batches: 6400
2026-03-01T23:04:08Z | INFO     |        __main__ | Val batches: 712
2026-03-01T23:04:08Z | INFO     |        __main__ | Test batches: 1156
2026-03-01T23:04:08Z | INFO     |        __main__ | ============================================================
2026-03-01T23:04:08Z | INFO     |        __main__ | Exploratory Data Analysis
2026-03-01T23:04:08Z | INFO     |        __main__ | ============================================================
2026-03-01T23:04:08Z | INFO     |    eda.analysis | DataFrame Info:
2026-03-01T23:04:08Z | INFO     |    eda.analysis | Total samples: 33067
2026-03-01T23:04:08Z | INFO     |    eda.analysis | Irradiance statistics (IrradianceToPredict):
2026-03-01T23:04:08Z | INFO     |    eda.analysis | 
count    33067.000000
mean       282.737908
std        279.615135
min          0.000000
25%         52.460000
50%        172.790000
75%        458.605000
max       1440.550000
Name: IrradianceToPredict, dtype: float64
2026-03-01T23:04:08Z | INFO     |    eda.analysis | Missing values: 0
2026-03-01T23:04:08Z | INFO     |    eda.analysis | Zero values: 5
2026-03-01T23:04:08Z | INFO     |       eda.plots | Saved: /home/xtsimbota_135764/masters/analysis/rubbersheet/2026-03-02_00-04/irradiance_distribution.png
2026-03-01T23:04:08Z | INFO     |        __main__ | ============================================================
2026-03-01T23:04:08Z | INFO     |        __main__ | Creating model
2026-03-01T23:04:08Z | INFO     |        __main__ | ============================================================
2026-03-01T23:04:09Z | INFO     |        __main__ | Total parameters: 14,282,913
2026-03-01T23:04:09Z | INFO     |        __main__ | Trainable parameters: 14,282,913
2026-03-01T23:04:09Z | INFO     |        __main__ | ============================================================
2026-03-01T23:04:09Z | INFO     |        __main__ | Training
2026-03-01T23:04:09Z | INFO     |        __main__ | ============================================================
2026-03-01T23:04:09Z | INFO     |      nn.trainer | Starting training for 3 epochs...
2026-03-01T23:04:09Z | INFO     |      nn.trainer | Epoch 1/3
2026-03-01T23:04:29Z | INFO     |        __main__ | ============================================================
2026-03-01T23:04:29Z | INFO     |        __main__ | Sky Image CNN Training — Rubbersheet Experiment
2026-03-01T23:04:29Z | INFO     |        __main__ | ============================================================
2026-03-01T23:04:29Z | INFO     |        __main__ | Loading data...
2026-03-01T23:04:29Z | INFO     |        __main__ | Train batches: 3200
2026-03-01T23:04:29Z | INFO     |        __main__ | Val batches: 356
2026-03-01T23:04:29Z | INFO     |        __main__ | Test batches: 578
2026-03-01T23:04:29Z | INFO     |        __main__ | ============================================================
2026-03-01T23:04:29Z | INFO     |        __main__ | Exploratory Data Analysis
2026-03-01T23:04:29Z | INFO     |        __main__ | ============================================================
2026-03-01T23:04:29Z | INFO     |    eda.analysis | DataFrame Info:
2026-03-01T23:04:29Z | INFO     |    eda.analysis | Total samples: 33067
2026-03-01T23:04:29Z | INFO     |    eda.analysis | Irradiance statistics (IrradianceToPredict):
2026-03-01T23:04:29Z | INFO     |    eda.analysis | 
count    33067.000000
mean       282.737908
std        279.615135
min          0.000000
25%         52.460000
50%        172.790000
75%        458.605000
max       1440.550000
Name: IrradianceToPredict, dtype: float64
2026-03-01T23:04:29Z | INFO     |    eda.analysis | Missing values: 0
2026-03-01T23:04:29Z | INFO     |    eda.analysis | Zero values: 5
2026-03-01T23:04:29Z | INFO     |       eda.plots | Saved: /home/xtsimbota_135764/masters/analysis/rubbersheet/2026-03-02_00-04/irradiance_distribution.png
2026-03-01T23:04:29Z | INFO     |        __main__ | ============================================================
2026-03-01T23:04:29Z | INFO     |        __main__ | Creating model
2026-03-01T23:04:29Z | INFO     |        __main__ | ============================================================
2026-03-01T23:04:30Z | INFO     |        __main__ | Total parameters: 14,282,913
2026-03-01T23:04:30Z | INFO     |        __main__ | Trainable parameters: 14,282,913
2026-03-01T23:04:30Z | INFO     |        __main__ | ============================================================
2026-03-01T23:04:30Z | INFO     |        __main__ | Training
2026-03-01T23:04:30Z | INFO     |        __main__ | ============================================================
2026-03-01T23:04:30Z | INFO     |      nn.trainer | Starting training for 3 epochs...
2026-03-01T23:04:30Z | INFO     |      nn.trainer | Epoch 1/3
2026-03-01T23:21:54Z | INFO     |      nn.trainer | Train Loss: 5807.5562 | Val Loss: 1843.3093
2026-03-01T23:21:54Z | INFO     |      nn.trainer | Best model saved (val_loss: 1843.3093)
2026-03-01T23:21:54Z | INFO     |      nn.trainer | Epoch 2/3
2026-03-01T23:45:49Z | INFO     |        __main__ | ============================================================
2026-03-01T23:45:49Z | INFO     |        __main__ | Sky Image CNN Training — Rubbersheet Experiment
2026-03-01T23:45:49Z | INFO     |        __main__ | ============================================================
2026-03-01T23:45:49Z | INFO     |        __main__ | Loading data...
2026-03-01T23:45:49Z | INFO     |        __main__ | Train batches: 3200
2026-03-01T23:45:49Z | INFO     |        __main__ | Val batches: 356
2026-03-01T23:45:49Z | INFO     |        __main__ | Test batches: 578
2026-03-01T23:45:49Z | INFO     |        __main__ | ============================================================
2026-03-01T23:45:49Z | INFO     |        __main__ | Exploratory Data Analysis
2026-03-01T23:45:49Z | INFO     |        __main__ | ============================================================
2026-03-01T23:45:49Z | INFO     |    eda.analysis | DataFrame Info:
2026-03-01T23:45:49Z | INFO     |    eda.analysis | Total samples: 33067
2026-03-01T23:45:49Z | INFO     |    eda.analysis | Irradiance statistics (IrradianceToPredict):
2026-03-01T23:45:49Z | INFO     |    eda.analysis | 
count    33067.000000
mean       282.737908
std        279.615135
min          0.000000
25%         52.460000
50%        172.790000
75%        458.605000
max       1440.550000
Name: IrradianceToPredict, dtype: float64
2026-03-01T23:45:49Z | INFO     |    eda.analysis | Missing values: 0
2026-03-01T23:45:49Z | INFO     |    eda.analysis | Zero values: 5
2026-03-01T23:45:49Z | INFO     |       eda.plots | Saved: /home/xtsimbota_135764/masters/analysis/rubbersheet/2026-03-02_00-45/irradiance_distribution.png
2026-03-01T23:45:49Z | INFO     |        __main__ | ============================================================
2026-03-01T23:45:49Z | INFO     |        __main__ | Creating model
2026-03-01T23:45:49Z | INFO     |        __main__ | ============================================================
